[
  {
    "line": 2,
    "elements": [
      {
        "BDD_TESTRUN_UUID": "562fd0de-85b9-47ca-98a8-0ec47aaea793",
        "line": 6,
        "name": "Checkout CreditCard",
        "description": "",
        "id": "credit-card-success;checkout-creditcard",
        "type": "scenario",
        "keyword": "Scenario",
        "steps": [
          {
            "result": {
              "duration": 3802849429,
              "status": "passed"
            },
            "line": 7,
            "name": "I want to checkout pillow",
            "match": {
              "location": "SuccessTransaction.I_want_to_checkout_pillow()"
            },
            "keyword": "Given ",
            "BDD_STEP_UUID": "28e15d8f-8c55-4409-993d-492ab283cfff"
          },
          {
            "result": {
              "duration": 1528596445,
              "status": "passed"
            },
            "line": 8,
            "name": "I click checkout in the shooping cart",
            "match": {
              "location": "SuccessTransaction.I_click_checkout_in_the_shooping_cart()"
            },
            "keyword": "When ",
            "BDD_STEP_UUID": "e83ab975-7766-4e44-bd8f-e643024caccc"
          },
          {
            "result": {
              "error_message": "com.kms.katalon.core.exception.StepFailedException: Unable to set text \u0027null\u0027 of object \u0027Object Repository/Page_Sample Store/input_sample-store-1612440358_cardnumber\u0027\n\tat com.kms.katalon.core.webui.keyword.internal.WebUIKeywordMain.stepFailed(WebUIKeywordMain.groovy:64)\n\tat com.kms.katalon.core.webui.keyword.internal.WebUIKeywordMain.runKeyword(WebUIKeywordMain.groovy:26)\n\tat com.kms.katalon.core.webui.keyword.builtin.SetTextKeyword.setText(SetTextKeyword.groovy:66)\n\tat com.kms.katalon.core.webui.keyword.builtin.SetTextKeyword.execute(SetTextKeyword.groovy:37)\n\tat com.kms.katalon.core.keyword.internal.KeywordExecutor.executeKeywordForPlatform(KeywordExecutor.groovy:73)\n\tat com.kms.katalon.core.webui.keyword.WebUiBuiltInKeywords.setText(WebUiBuiltInKeywords.groovy:979)\n\tat com.kms.katalon.core.webui.keyword.WebUiBuiltInKeywords$setText$2.call(Unknown Source)\n\tat transaction.SuccessTransaction.I_click_credit_card_method_and_insert_the_number(SuccessTransaction.groovy:67)\n\tat âœ½.I click credit card method and insert the number(/Users/adrian.soulisa/Music/CreditCardTest/Include/features/BDD/SuccessTransaction.feature:9)\nCaused by: java.lang.IllegalArgumentException: Text is null\n\tat com.kms.katalon.core.webui.keyword.builtin.SetTextKeyword$_setText_closure1.doCall(SetTextKeyword.groovy:48)\n\tat com.kms.katalon.core.webui.keyword.builtin.SetTextKeyword$_setText_closure1.call(SetTextKeyword.groovy)\n\tat com.kms.katalon.core.webui.keyword.internal.WebUIKeywordMain.runKeyword(WebUIKeywordMain.groovy:20)\n\tat com.kms.katalon.core.webui.keyword.builtin.SetTextKeyword.setText(SetTextKeyword.groovy:66)\n\tat com.kms.katalon.core.webui.keyword.builtin.SetTextKeyword.execute(SetTextKeyword.groovy:37)\n\tat com.kms.katalon.core.keyword.internal.KeywordExecutor.executeKeywordForPlatform(KeywordExecutor.groovy:73)\n\tat com.kms.katalon.core.webui.keyword.WebUiBuiltInKeywords.setText(WebUiBuiltInKeywords.groovy:979)\n\tat com.kms.katalon.core.webui.keyword.WebUiBuiltInKeywords$setText$2.call(Unknown Source)\n\tat transaction.SuccessTransaction.I_click_credit_card_method_and_insert_the_number(SuccessTransaction.groovy:67)\n\tat cucumber.runtime.Utils$1.call(Utils.java:26)\n\tat cucumber.runtime.Timeout.timeout(Timeout.java:16)\n\tat cucumber.runtime.Utils.invoke(Utils.java:20)\n\tat cucumber.runtime.java.JavaStepDefinition.execute(JavaStepDefinition.java:48)\n\tat cucumber.runtime.PickleStepDefinitionMatch.runStep(PickleStepDefinitionMatch.java:50)\n\tat cucumber.runner.TestStep.executeStep(TestStep.java:55)\n\tat cucumber.runner.TestStep.run(TestStep.java:42)\n\tat cucumber.runner.PickleStepTestStep.run(PickleStepTestStep.java:53)\n\tat cucumber.runner.TestCase.run(TestCase.java:47)\n\tat cucumber.runner.Runner.runPickle(Runner.java:44)\n\tat cucumber.runtime.Runtime.runFeature(Runtime.java:120)\n\tat cucumber.runtime.Runtime.run(Runtime.java:106)\n\tat cucumber.api.cli.Main.run(Main.java:35)\n\tat cucumber.api.cli.Main$run.call(Unknown Source)\n\tat com.kms.katalon.core.cucumber.keyword.CucumberBuiltinKeywords$_runFeatureFile_closure1.doCall(CucumberBuiltinKeywords.groovy:106)\n\tat com.kms.katalon.core.cucumber.keyword.CucumberBuiltinKeywords$_runFeatureFile_closure1.doCall(CucumberBuiltinKeywords.groovy)\n\tat com.kms.katalon.core.keyword.internal.KeywordMain.runKeyword(KeywordMain.groovy:68)\n\tat com.kms.katalon.core.keyword.internal.KeywordMain$runKeyword.call(Unknown Source)\n\tat com.kms.katalon.core.cucumber.keyword.CucumberBuiltinKeywords.runFeatureFile(CucumberBuiltinKeywords.groovy:73)\n\tat com.kms.katalon.core.cucumber.keyword.CucumberBuiltinKeywords$runFeatureFile$0.callStatic(Unknown Source)\n\tat com.kms.katalon.core.cucumber.keyword.CucumberBuiltinKeywords.runFeatureFile(CucumberBuiltinKeywords.groovy:246)\n\tat com.kms.katalon.core.cucumber.keyword.CucumberBuiltinKeywords$runFeatureFile.call(Unknown Source)\n\tat TC-01.run(TC-01:20)\n\tat com.kms.katalon.core.main.ScriptEngine.run(ScriptEngine.java:194)\n\tat com.kms.katalon.core.main.ScriptEngine.runScriptAsRawText(ScriptEngine.java:119)\n\tat com.kms.katalon.core.main.TestCaseExecutor.runScript(TestCaseExecutor.java:398)\n\tat com.kms.katalon.core.main.TestCaseExecutor.doExecute(TestCaseExecutor.java:389)\n\tat com.kms.katalon.core.main.TestCaseExecutor.processExecutionPhase(TestCaseExecutor.java:368)\n\tat com.kms.katalon.core.main.TestCaseExecutor.accessMainPhase(TestCaseExecutor.java:360)\n\tat com.kms.katalon.core.main.TestCaseExecutor.execute(TestCaseExecutor.java:255)\n\tat com.kms.katalon.core.main.TestSuiteExecutor.accessTestCaseMainPhase(TestSuiteExecutor.java:203)\n\tat com.kms.katalon.core.main.TestSuiteExecutor.accessTestSuiteMainPhase(TestSuiteExecutor.java:152)\n\tat com.kms.katalon.core.main.TestSuiteExecutor.execute(TestSuiteExecutor.java:95)\n\tat com.kms.katalon.core.main.TestCaseMain.startTestSuite(TestCaseMain.java:157)\n\tat com.kms.katalon.core.main.TestCaseMain$startTestSuite$0.call(Unknown Source)\n\tat TempTestSuite1612552695138.run(TempTestSuite1612552695138.groovy:39)\n",
              "duration": 1471476863,
              "status": "failed"
            },
            "line": 9,
            "name": "I click credit card method and insert the number",
            "match": {
              "location": "SuccessTransaction.I_click_credit_card_method_and_insert_the_number()"
            },
            "keyword": "And ",
            "BDD_STEP_UUID": "5f1f5d4f-4737-49d4-b083-d80e42e11f0d"
          },
          {
            "result": {
              "status": "skipped"
            },
            "line": 10,
            "name": "Verify the transaction will be successfull",
            "match": {
              "location": "SuccessTransaction.Verify_the_transaction_will_be_successfull()"
            },
            "keyword": "Then ",
            "BDD_STEP_UUID": "6c7e221e-b297-4724-be38-c2c1f8c5121d"
          }
        ],
        "tags": [
          {
            "name": "@SuccessTransaction"
          },
          {
            "name": "@SuccessTransaction"
          }
        ]
      }
    ],
    "name": "Credit Card Success",
    "description": "  I want to success transaction",
    "id": "credit-card-success",
    "keyword": "Feature",
    "uri": "/Users/adrian.soulisa/Music/CreditCardTest/Include/features/BDD/SuccessTransaction.feature",
    "tags": [
      {
        "name": "@SuccessTransaction",
        "type": "Tag",
        "location": {
          "line": 1,
          "column": 1
        }
      }
    ]
  }
]